[2022-10-15 21:11:21,837] {taskinstance.py:1159} INFO - Dependencies all met for <TaskInstance: load_rappers_dag_pyop.load_rappers manual__2022-10-15T21:11:19.694785+00:00 [queued]>
[2022-10-15 21:11:21,846] {taskinstance.py:1159} INFO - Dependencies all met for <TaskInstance: load_rappers_dag_pyop.load_rappers manual__2022-10-15T21:11:19.694785+00:00 [queued]>
[2022-10-15 21:11:21,846] {taskinstance.py:1356} INFO - 
--------------------------------------------------------------------------------
[2022-10-15 21:11:21,846] {taskinstance.py:1357} INFO - Starting attempt 1 of 1
[2022-10-15 21:11:21,846] {taskinstance.py:1358} INFO - 
--------------------------------------------------------------------------------
[2022-10-15 21:11:21,858] {taskinstance.py:1377} INFO - Executing <Task(PythonOperator): load_rappers> on 2022-10-15 21:11:19.694785+00:00
[2022-10-15 21:11:21,862] {standard_task_runner.py:52} INFO - Started process 5725 to run task
[2022-10-15 21:11:21,870] {standard_task_runner.py:79} INFO - Running: ['***', 'tasks', 'run', 'load_rappers_dag_pyop', 'load_rappers', 'manual__2022-10-15T21:11:19.694785+00:00', '--job-id', '16', '--raw', '--subdir', 'DAGS_FOLDER/load_rappers_dag_pyop.py', '--cfg-path', '/tmp/tmpj3dlhxcp', '--error-file', '/tmp/tmpnexe7vek']
[2022-10-15 21:11:21,870] {standard_task_runner.py:80} INFO - Job 16: Subtask load_rappers
[2022-10-15 21:11:21,955] {task_command.py:369} INFO - Running <TaskInstance: load_rappers_dag_pyop.load_rappers manual__2022-10-15T21:11:19.694785+00:00 [running]> on host 6300e87c6973
[2022-10-15 21:11:22,042] {taskinstance.py:1571} INFO - Exporting the following env vars:
AIRFLOW_CTX_DAG_OWNER=***
AIRFLOW_CTX_DAG_ID=load_rappers_dag_pyop
AIRFLOW_CTX_TASK_ID=load_rappers
AIRFLOW_CTX_EXECUTION_DATE=2022-10-15T21:11:19.694785+00:00
AIRFLOW_CTX_TRY_NUMBER=1
AIRFLOW_CTX_DAG_RUN_ID=manual__2022-10-15T21:11:19.694785+00:00
[2022-10-15 21:11:22,046] {logging_mixin.py:115} INFO - Compiling artist list...
[2022-10-15 21:11:22,537] {logging_mixin.py:115} INFO - Loading artists...
[2022-10-15 21:11:27,362] {logging_mixin.py:115} INFO - 20 artists loaded in 4.83 seconds
[2022-10-15 21:11:27,362] {logging_mixin.py:115} INFO - Loading tracks...
[2022-10-15 21:11:32,556] {logging_mixin.py:115} INFO - 100 tracks loaded in 5.19 seconds
[2022-10-15 21:11:32,562] {logging_mixin.py:115} INFO - Loading raw dataframes to DW...
[2022-10-15 21:11:32,741] {logging_mixin.py:115} INFO - Loaded in 0.18 seconds
[2022-10-15 21:11:32,741] {logging_mixin.py:115} INFO - Done!
[2022-10-15 21:11:32,742] {python.py:173} INFO - Done. Returned value was: None
[2022-10-15 21:11:32,753] {taskinstance.py:1400} INFO - Marking task as SUCCESS. dag_id=load_rappers_dag_pyop, task_id=load_rappers, execution_date=20221015T211119, start_date=20221015T211121, end_date=20221015T211132
[2022-10-15 21:11:32,799] {local_task_job.py:156} INFO - Task exited with return code 0
[2022-10-15 21:11:32,833] {local_task_job.py:273} INFO - 2 downstream tasks scheduled from follow-on schedule check
