[2022-10-15 21:24:46,464] {taskinstance.py:1159} INFO - Dependencies all met for <TaskInstance: load_rappers_dag_pyop.load_rappers_to_gcs manual__2022-10-15T21:24:32.326953+00:00 [queued]>
[2022-10-15 21:24:46,474] {taskinstance.py:1159} INFO - Dependencies all met for <TaskInstance: load_rappers_dag_pyop.load_rappers_to_gcs manual__2022-10-15T21:24:32.326953+00:00 [queued]>
[2022-10-15 21:24:46,474] {taskinstance.py:1356} INFO - 
--------------------------------------------------------------------------------
[2022-10-15 21:24:46,474] {taskinstance.py:1357} INFO - Starting attempt 1 of 1
[2022-10-15 21:24:46,474] {taskinstance.py:1358} INFO - 
--------------------------------------------------------------------------------
[2022-10-15 21:24:46,487] {taskinstance.py:1377} INFO - Executing <Task(PostgresToGCSOperator): load_rappers_to_gcs> on 2022-10-15 21:24:32.326953+00:00
[2022-10-15 21:24:46,493] {standard_task_runner.py:52} INFO - Started process 6064 to run task
[2022-10-15 21:24:46,496] {standard_task_runner.py:79} INFO - Running: ['***', 'tasks', 'run', 'load_rappers_dag_pyop', 'load_rappers_to_gcs', 'manual__2022-10-15T21:24:32.326953+00:00', '--job-id', '30', '--raw', '--subdir', 'DAGS_FOLDER/load_rappers_dag_pyop.py', '--cfg-path', '/tmp/tmpdtd5hw0s', '--error-file', '/tmp/tmpk5vy6l83']
[2022-10-15 21:24:46,497] {standard_task_runner.py:80} INFO - Job 30: Subtask load_rappers_to_gcs
[2022-10-15 21:24:46,572] {task_command.py:369} INFO - Running <TaskInstance: load_rappers_dag_pyop.load_rappers_to_gcs manual__2022-10-15T21:24:32.326953+00:00 [running]> on host 6300e87c6973
[2022-10-15 21:24:46,658] {taskinstance.py:1571} INFO - Exporting the following env vars:
AIRFLOW_CTX_DAG_OWNER=***
AIRFLOW_CTX_DAG_ID=load_rappers_dag_pyop
AIRFLOW_CTX_TASK_ID=load_rappers_to_gcs
AIRFLOW_CTX_EXECUTION_DATE=2022-10-15T21:24:32.326953+00:00
AIRFLOW_CTX_TRY_NUMBER=1
AIRFLOW_CTX_DAG_RUN_ID=manual__2022-10-15T21:24:32.326953+00:00
[2022-10-15 21:24:46,659] {sql_to_gcs.py:139} INFO - Executing query
[2022-10-15 21:24:46,670] {base.py:68} INFO - Using connection ID 'postgres-dc' for task execution.
[2022-10-15 21:24:46,686] {sql_to_gcs.py:155} INFO - Writing local data files
[2022-10-15 21:24:46,689] {sql_to_gcs.py:160} INFO - Uploading chunk file #0 to GCS.
[2022-10-15 21:24:46,699] {base.py:68} INFO - Using connection ID 'gcp_test' for task execution.
[2022-10-15 21:24:47,455] {gcs.py:525} INFO - File /tmp/tmp99evpuvk uploaded to rappers/rappers.csv in raw_battle_rap bucket
[2022-10-15 21:24:47,455] {sql_to_gcs.py:163} INFO - Removing local file
[2022-10-15 21:24:47,489] {taskinstance.py:1400} INFO - Marking task as SUCCESS. dag_id=load_rappers_dag_pyop, task_id=load_rappers_to_gcs, execution_date=20221015T212432, start_date=20221015T212446, end_date=20221015T212447
[2022-10-15 21:24:47,519] {local_task_job.py:156} INFO - Task exited with return code 0
[2022-10-15 21:24:47,629] {local_task_job.py:273} INFO - 0 downstream tasks scheduled from follow-on schedule check
