[2022-10-11 23:00:03,796] {taskinstance.py:1159} INFO - Dependencies all met for <TaskInstance: load_rappers_dag_pyop.load_rappers scheduled__2022-10-10T23:00:00+00:00 [queued]>
[2022-10-11 23:00:03,811] {taskinstance.py:1159} INFO - Dependencies all met for <TaskInstance: load_rappers_dag_pyop.load_rappers scheduled__2022-10-10T23:00:00+00:00 [queued]>
[2022-10-11 23:00:03,811] {taskinstance.py:1356} INFO - 
--------------------------------------------------------------------------------
[2022-10-11 23:00:03,811] {taskinstance.py:1357} INFO - Starting attempt 1 of 1
[2022-10-11 23:00:03,811] {taskinstance.py:1358} INFO - 
--------------------------------------------------------------------------------
[2022-10-11 23:00:03,827] {taskinstance.py:1377} INFO - Executing <Task(PythonOperator): load_rappers> on 2022-10-10 23:00:00+00:00
[2022-10-11 23:00:03,851] {standard_task_runner.py:52} INFO - Started process 18798 to run task
[2022-10-11 23:00:03,855] {standard_task_runner.py:79} INFO - Running: ['***', 'tasks', 'run', 'load_rappers_dag_pyop', 'load_rappers', 'scheduled__2022-10-10T23:00:00+00:00', '--job-id', '6', '--raw', '--subdir', 'DAGS_FOLDER/load_rappers_dag_pyop.py', '--cfg-path', '/tmp/tmp3d9cqpzv', '--error-file', '/tmp/tmpoyhbowpd']
[2022-10-11 23:00:03,856] {standard_task_runner.py:80} INFO - Job 6: Subtask load_rappers
[2022-10-11 23:00:03,928] {task_command.py:369} INFO - Running <TaskInstance: load_rappers_dag_pyop.load_rappers scheduled__2022-10-10T23:00:00+00:00 [running]> on host 1d7fd24ebad8
[2022-10-11 23:00:04,014] {taskinstance.py:1571} INFO - Exporting the following env vars:
AIRFLOW_CTX_DAG_OWNER=***
AIRFLOW_CTX_DAG_ID=load_rappers_dag_pyop
AIRFLOW_CTX_TASK_ID=load_rappers
AIRFLOW_CTX_EXECUTION_DATE=2022-10-10T23:00:00+00:00
AIRFLOW_CTX_TRY_NUMBER=1
AIRFLOW_CTX_DAG_RUN_ID=scheduled__2022-10-10T23:00:00+00:00
[2022-10-11 23:00:04,016] {logging_mixin.py:115} INFO - Compiling artist list...
[2022-10-11 23:00:17,741] {logging_mixin.py:115} INFO - Loading artists...
[2022-10-11 23:02:54,390] {logging_mixin.py:115} INFO - 503 artists loaded in 156.63 seconds
[2022-10-11 23:02:54,420] {logging_mixin.py:115} INFO - Loading tracks...
[2022-10-11 23:05:53,584] {logging_mixin.py:115} INFO - 2496 tracks loaded in 179.16 seconds
[2022-10-11 23:05:54,025] {logging_mixin.py:115} INFO - Loading dataframes to Postgres...
[2022-10-11 23:05:54,964] {logging_mixin.py:115} INFO - Done!
[2022-10-11 23:05:54,968] {python.py:173} INFO - Done. Returned value was: None
[2022-10-11 23:05:55,069] {taskinstance.py:1400} INFO - Marking task as SUCCESS. dag_id=load_rappers_dag_pyop, task_id=load_rappers, execution_date=20221010T230000, start_date=20221011T230003, end_date=20221011T230555
[2022-10-11 23:05:55,216] {local_task_job.py:156} INFO - Task exited with return code 0
[2022-10-11 23:05:55,379] {local_task_job.py:273} INFO - 1 downstream tasks scheduled from follow-on schedule check
