[2022-10-15 21:24:46,432] {taskinstance.py:1159} INFO - Dependencies all met for <TaskInstance: load_rappers_dag_pyop.load_tracks_to_gcs manual__2022-10-15T21:24:32.326953+00:00 [queued]>
[2022-10-15 21:24:46,441] {taskinstance.py:1159} INFO - Dependencies all met for <TaskInstance: load_rappers_dag_pyop.load_tracks_to_gcs manual__2022-10-15T21:24:32.326953+00:00 [queued]>
[2022-10-15 21:24:46,441] {taskinstance.py:1356} INFO - 
--------------------------------------------------------------------------------
[2022-10-15 21:24:46,441] {taskinstance.py:1357} INFO - Starting attempt 1 of 1
[2022-10-15 21:24:46,441] {taskinstance.py:1358} INFO - 
--------------------------------------------------------------------------------
[2022-10-15 21:24:46,455] {taskinstance.py:1377} INFO - Executing <Task(PostgresToGCSOperator): load_tracks_to_gcs> on 2022-10-15 21:24:32.326953+00:00
[2022-10-15 21:24:46,464] {standard_task_runner.py:52} INFO - Started process 6063 to run task
[2022-10-15 21:24:46,469] {standard_task_runner.py:79} INFO - Running: ['***', 'tasks', 'run', 'load_rappers_dag_pyop', 'load_tracks_to_gcs', 'manual__2022-10-15T21:24:32.326953+00:00', '--job-id', '29', '--raw', '--subdir', 'DAGS_FOLDER/load_rappers_dag_pyop.py', '--cfg-path', '/tmp/tmpn3a7spa1', '--error-file', '/tmp/tmp85nh8q6k']
[2022-10-15 21:24:46,469] {standard_task_runner.py:80} INFO - Job 29: Subtask load_tracks_to_gcs
[2022-10-15 21:24:46,543] {task_command.py:369} INFO - Running <TaskInstance: load_rappers_dag_pyop.load_tracks_to_gcs manual__2022-10-15T21:24:32.326953+00:00 [running]> on host 6300e87c6973
[2022-10-15 21:24:46,630] {taskinstance.py:1571} INFO - Exporting the following env vars:
AIRFLOW_CTX_DAG_OWNER=***
AIRFLOW_CTX_DAG_ID=load_rappers_dag_pyop
AIRFLOW_CTX_TASK_ID=load_tracks_to_gcs
AIRFLOW_CTX_EXECUTION_DATE=2022-10-15T21:24:32.326953+00:00
AIRFLOW_CTX_TRY_NUMBER=1
AIRFLOW_CTX_DAG_RUN_ID=manual__2022-10-15T21:24:32.326953+00:00
[2022-10-15 21:24:46,635] {sql_to_gcs.py:139} INFO - Executing query
[2022-10-15 21:24:46,647] {base.py:68} INFO - Using connection ID 'postgres-dc' for task execution.
[2022-10-15 21:24:46,667] {sql_to_gcs.py:155} INFO - Writing local data files
[2022-10-15 21:24:46,671] {sql_to_gcs.py:160} INFO - Uploading chunk file #0 to GCS.
[2022-10-15 21:24:46,679] {base.py:68} INFO - Using connection ID 'gcp_test' for task execution.
[2022-10-15 21:24:47,441] {gcs.py:525} INFO - File /tmp/tmpz2dg7lb0 uploaded to top_tracks/top_tracks.csv in raw_battle_rap bucket
[2022-10-15 21:24:47,441] {sql_to_gcs.py:163} INFO - Removing local file
[2022-10-15 21:24:47,469] {taskinstance.py:1400} INFO - Marking task as SUCCESS. dag_id=load_rappers_dag_pyop, task_id=load_tracks_to_gcs, execution_date=20221015T212432, start_date=20221015T212446, end_date=20221015T212447
[2022-10-15 21:24:47,527] {local_task_job.py:156} INFO - Task exited with return code 0
[2022-10-15 21:24:47,618] {local_task_job.py:273} INFO - 1 downstream tasks scheduled from follow-on schedule check
