[2022-10-05 18:26:38,713] {taskinstance.py:1159} INFO - Dependencies all met for <TaskInstance: load_rappers_dag.load_rappers manual__2022-10-05T18:26:37.228020+00:00 [queued]>
[2022-10-05 18:26:38,721] {taskinstance.py:1159} INFO - Dependencies all met for <TaskInstance: load_rappers_dag.load_rappers manual__2022-10-05T18:26:37.228020+00:00 [queued]>
[2022-10-05 18:26:38,721] {taskinstance.py:1356} INFO - 
--------------------------------------------------------------------------------
[2022-10-05 18:26:38,721] {taskinstance.py:1357} INFO - Starting attempt 1 of 1
[2022-10-05 18:26:38,721] {taskinstance.py:1358} INFO - 
--------------------------------------------------------------------------------
[2022-10-05 18:26:38,736] {taskinstance.py:1377} INFO - Executing <Task(BashOperator): load_rappers> on 2022-10-05 18:26:37.228020+00:00
[2022-10-05 18:26:38,742] {standard_task_runner.py:52} INFO - Started process 333 to run task
[2022-10-05 18:26:38,745] {standard_task_runner.py:79} INFO - Running: ['***', 'tasks', 'run', 'load_rappers_dag', 'load_rappers', 'manual__2022-10-05T18:26:37.228020+00:00', '--job-id', '29', '--raw', '--subdir', 'DAGS_FOLDER/load_rappers_dag.py', '--cfg-path', '/tmp/tmpgnans23e', '--error-file', '/tmp/tmpngalmry0']
[2022-10-05 18:26:38,746] {standard_task_runner.py:80} INFO - Job 29: Subtask load_rappers
[2022-10-05 18:26:38,799] {task_command.py:369} INFO - Running <TaskInstance: load_rappers_dag.load_rappers manual__2022-10-05T18:26:37.228020+00:00 [running]> on host 39b88b75de04
[2022-10-05 18:26:38,869] {taskinstance.py:1571} INFO - Exporting the following env vars:
AIRFLOW_CTX_DAG_OWNER=***
AIRFLOW_CTX_DAG_ID=load_rappers_dag
AIRFLOW_CTX_TASK_ID=load_rappers
AIRFLOW_CTX_EXECUTION_DATE=2022-10-05T18:26:37.228020+00:00
AIRFLOW_CTX_TRY_NUMBER=1
AIRFLOW_CTX_DAG_RUN_ID=manual__2022-10-05T18:26:37.228020+00:00
[2022-10-05 18:26:38,870] {subprocess.py:62} INFO - Tmp dir root location: 
 /tmp
[2022-10-05 18:26:38,870] {subprocess.py:74} INFO - Running command: ['bash', '-c', 'python ${AIRFLOW_HOME}/scripts/test.py']
[2022-10-05 18:26:38,877] {subprocess.py:85} INFO - Output:
[2022-10-05 18:26:38,985] {subprocess.py:92} INFO - yee
[2022-10-05 18:26:38,987] {subprocess.py:96} INFO - Command exited with return code 0
[2022-10-05 18:26:39,057] {taskinstance.py:1400} INFO - Marking task as SUCCESS. dag_id=load_rappers_dag, task_id=load_rappers, execution_date=20221005T182637, start_date=20221005T182638, end_date=20221005T182639
[2022-10-05 18:26:39,078] {local_task_job.py:156} INFO - Task exited with return code 0
[2022-10-05 18:26:39,112] {local_task_job.py:273} INFO - 1 downstream tasks scheduled from follow-on schedule check
