[2022-10-07 19:00:02,029] {taskinstance.py:1159} INFO - Dependencies all met for <TaskInstance: load_rappers_dag.load_rappers scheduled__2022-10-07T18:00:00+00:00 [queued]>
[2022-10-07 19:00:02,041] {taskinstance.py:1159} INFO - Dependencies all met for <TaskInstance: load_rappers_dag.load_rappers scheduled__2022-10-07T18:00:00+00:00 [queued]>
[2022-10-07 19:00:02,041] {taskinstance.py:1356} INFO - 
--------------------------------------------------------------------------------
[2022-10-07 19:00:02,041] {taskinstance.py:1357} INFO - Starting attempt 1 of 1
[2022-10-07 19:00:02,041] {taskinstance.py:1358} INFO - 
--------------------------------------------------------------------------------
[2022-10-07 19:00:02,068] {taskinstance.py:1377} INFO - Executing <Task(BashOperator): load_rappers> on 2022-10-07 18:00:00+00:00
[2022-10-07 19:00:02,095] {standard_task_runner.py:52} INFO - Started process 819 to run task
[2022-10-07 19:00:02,098] {standard_task_runner.py:79} INFO - Running: ['***', 'tasks', 'run', 'load_rappers_dag', 'load_rappers', 'scheduled__2022-10-07T18:00:00+00:00', '--job-id', '3', '--raw', '--subdir', 'DAGS_FOLDER/load_rappers_dag.py', '--cfg-path', '/tmp/tmpf_c_lvj6', '--error-file', '/tmp/tmpgftvrhud']
[2022-10-07 19:00:02,099] {standard_task_runner.py:80} INFO - Job 3: Subtask load_rappers
[2022-10-07 19:00:02,172] {task_command.py:369} INFO - Running <TaskInstance: load_rappers_dag.load_rappers scheduled__2022-10-07T18:00:00+00:00 [running]> on host 9d2611ca47c8
[2022-10-07 19:00:02,282] {taskinstance.py:1571} INFO - Exporting the following env vars:
AIRFLOW_CTX_DAG_OWNER=***
AIRFLOW_CTX_DAG_ID=load_rappers_dag
AIRFLOW_CTX_TASK_ID=load_rappers
AIRFLOW_CTX_EXECUTION_DATE=2022-10-07T18:00:00+00:00
AIRFLOW_CTX_TRY_NUMBER=1
AIRFLOW_CTX_DAG_RUN_ID=scheduled__2022-10-07T18:00:00+00:00
[2022-10-07 19:00:02,283] {subprocess.py:62} INFO - Tmp dir root location: 
 /tmp
[2022-10-07 19:00:02,285] {subprocess.py:74} INFO - Running command: ['bash', '-c', 'python ${AIRFLOW_HOME}/scripts/load_rappers.py']
[2022-10-07 19:00:02,308] {subprocess.py:85} INFO - Output:
[2022-10-07 19:05:52,318] {subprocess.py:92} INFO - Compiling artist list...
[2022-10-07 19:05:52,321] {subprocess.py:92} INFO - Loading artists...
[2022-10-07 19:05:52,321] {subprocess.py:92} INFO - 505 artists loaded in 163.01 seconds
[2022-10-07 19:05:52,321] {subprocess.py:92} INFO - Loading tracks...
[2022-10-07 19:05:52,321] {subprocess.py:92} INFO - 2506 tracks loaded in 171.48 seconds
[2022-10-07 19:05:52,321] {subprocess.py:92} INFO - Loading dataframes to Postgres...
[2022-10-07 19:05:52,321] {subprocess.py:92} INFO - Done!
[2022-10-07 19:05:52,427] {subprocess.py:96} INFO - Command exited with return code 0
[2022-10-07 19:05:52,485] {taskinstance.py:1400} INFO - Marking task as SUCCESS. dag_id=load_rappers_dag, task_id=load_rappers, execution_date=20221007T180000, start_date=20221007T190002, end_date=20221007T190552
[2022-10-07 19:05:52,533] {local_task_job.py:156} INFO - Task exited with return code 0
[2022-10-07 19:05:52,576] {local_task_job.py:273} INFO - 1 downstream tasks scheduled from follow-on schedule check
[2022-10-07 19:26:19,198] {taskinstance.py:1159} INFO - Dependencies all met for <TaskInstance: load_rappers_dag.load_rappers scheduled__2022-10-07T18:00:00+00:00 [queued]>
[2022-10-07 19:26:19,213] {taskinstance.py:1159} INFO - Dependencies all met for <TaskInstance: load_rappers_dag.load_rappers scheduled__2022-10-07T18:00:00+00:00 [queued]>
[2022-10-07 19:26:19,213] {taskinstance.py:1356} INFO - 
--------------------------------------------------------------------------------
[2022-10-07 19:26:19,213] {taskinstance.py:1357} INFO - Starting attempt 1 of 1
[2022-10-07 19:26:19,213] {taskinstance.py:1358} INFO - 
--------------------------------------------------------------------------------
[2022-10-07 19:26:19,238] {taskinstance.py:1377} INFO - Executing <Task(BashOperator): load_rappers> on 2022-10-07 18:00:00+00:00
[2022-10-07 19:26:19,241] {standard_task_runner.py:52} INFO - Started process 253 to run task
[2022-10-07 19:26:19,246] {standard_task_runner.py:79} INFO - Running: ['***', 'tasks', 'run', 'load_rappers_dag', 'load_rappers', 'scheduled__2022-10-07T18:00:00+00:00', '--job-id', '2', '--raw', '--subdir', 'DAGS_FOLDER/load_rappers_dag.py', '--cfg-path', '/tmp/tmplw09u72_', '--error-file', '/tmp/tmpy93smt4j']
[2022-10-07 19:26:19,247] {standard_task_runner.py:80} INFO - Job 2: Subtask load_rappers
[2022-10-07 19:26:19,299] {task_command.py:369} INFO - Running <TaskInstance: load_rappers_dag.load_rappers scheduled__2022-10-07T18:00:00+00:00 [running]> on host ae54f06a5956
[2022-10-07 19:26:19,390] {taskinstance.py:1571} INFO - Exporting the following env vars:
AIRFLOW_CTX_DAG_OWNER=***
AIRFLOW_CTX_DAG_ID=load_rappers_dag
AIRFLOW_CTX_TASK_ID=load_rappers
AIRFLOW_CTX_EXECUTION_DATE=2022-10-07T18:00:00+00:00
AIRFLOW_CTX_TRY_NUMBER=1
AIRFLOW_CTX_DAG_RUN_ID=scheduled__2022-10-07T18:00:00+00:00
[2022-10-07 19:26:19,393] {subprocess.py:62} INFO - Tmp dir root location: 
 /tmp
[2022-10-07 19:26:19,393] {subprocess.py:74} INFO - Running command: ['bash', '-c', 'python ${AIRFLOW_HOME}/scripts/load_rappers.py']
[2022-10-07 19:26:19,408] {subprocess.py:85} INFO - Output:
[2022-10-07 19:32:15,908] {subprocess.py:92} INFO - Compiling artist list...
[2022-10-07 19:32:15,910] {subprocess.py:92} INFO - Loading artists...
[2022-10-07 19:32:15,910] {subprocess.py:92} INFO - 505 artists loaded in 171.50 seconds
[2022-10-07 19:32:15,910] {subprocess.py:92} INFO - Loading tracks...
[2022-10-07 19:32:15,911] {subprocess.py:92} INFO - 2506 tracks loaded in 168.49 seconds
[2022-10-07 19:32:15,911] {subprocess.py:92} INFO - Loading dataframes to Postgres...
[2022-10-07 19:32:15,911] {subprocess.py:92} INFO - Done!
[2022-10-07 19:32:16,019] {subprocess.py:96} INFO - Command exited with return code 0
[2022-10-07 19:32:16,085] {taskinstance.py:1400} INFO - Marking task as SUCCESS. dag_id=load_rappers_dag, task_id=load_rappers, execution_date=20221007T180000, start_date=20221007T192619, end_date=20221007T193216
[2022-10-07 19:32:16,147] {local_task_job.py:156} INFO - Task exited with return code 0
[2022-10-07 19:32:16,189] {local_task_job.py:273} INFO - 1 downstream tasks scheduled from follow-on schedule check
