[2022-10-05 19:54:39,420] {taskinstance.py:1159} INFO - Dependencies all met for <TaskInstance: load_rappers_dag.load_rappers manual__2022-10-05T19:54:38.351942+00:00 [queued]>
[2022-10-05 19:54:39,431] {taskinstance.py:1159} INFO - Dependencies all met for <TaskInstance: load_rappers_dag.load_rappers manual__2022-10-05T19:54:38.351942+00:00 [queued]>
[2022-10-05 19:54:39,431] {taskinstance.py:1356} INFO - 
--------------------------------------------------------------------------------
[2022-10-05 19:54:39,431] {taskinstance.py:1357} INFO - Starting attempt 1 of 1
[2022-10-05 19:54:39,431] {taskinstance.py:1358} INFO - 
--------------------------------------------------------------------------------
[2022-10-05 19:54:39,445] {taskinstance.py:1377} INFO - Executing <Task(BashOperator): load_rappers> on 2022-10-05 19:54:38.351942+00:00
[2022-10-05 19:54:39,449] {standard_task_runner.py:52} INFO - Started process 2154 to run task
[2022-10-05 19:54:39,454] {standard_task_runner.py:79} INFO - Running: ['***', 'tasks', 'run', 'load_rappers_dag', 'load_rappers', 'manual__2022-10-05T19:54:38.351942+00:00', '--job-id', '36', '--raw', '--subdir', 'DAGS_FOLDER/load_rappers_dag.py', '--cfg-path', '/tmp/tmp4zsxx2kh', '--error-file', '/tmp/tmpug1i874q']
[2022-10-05 19:54:39,456] {standard_task_runner.py:80} INFO - Job 36: Subtask load_rappers
[2022-10-05 19:54:39,522] {task_command.py:369} INFO - Running <TaskInstance: load_rappers_dag.load_rappers manual__2022-10-05T19:54:38.351942+00:00 [running]> on host 39b88b75de04
[2022-10-05 19:54:39,622] {taskinstance.py:1571} INFO - Exporting the following env vars:
AIRFLOW_CTX_DAG_OWNER=***
AIRFLOW_CTX_DAG_ID=load_rappers_dag
AIRFLOW_CTX_TASK_ID=load_rappers
AIRFLOW_CTX_EXECUTION_DATE=2022-10-05T19:54:38.351942+00:00
AIRFLOW_CTX_TRY_NUMBER=1
AIRFLOW_CTX_DAG_RUN_ID=manual__2022-10-05T19:54:38.351942+00:00
[2022-10-05 19:54:39,623] {subprocess.py:62} INFO - Tmp dir root location: 
 /tmp
[2022-10-05 19:54:39,624] {subprocess.py:74} INFO - Running command: ['bash', '-c', 'python ${AIRFLOW_HOME}/scripts/load_rappers.py']
[2022-10-05 19:54:39,632] {subprocess.py:85} INFO - Output:
[2022-10-05 19:59:26,545] {subprocess.py:92} INFO - Compiling artist list...
[2022-10-05 19:59:26,566] {subprocess.py:92} INFO - Loading artists...
[2022-10-05 19:59:26,566] {subprocess.py:92} INFO - 502 artists loaded in 134.18 seconds
[2022-10-05 19:59:26,566] {subprocess.py:92} INFO - Loading tracks...
[2022-10-05 19:59:26,566] {subprocess.py:92} INFO - 2497 tracks loaded in 138.55 seconds
[2022-10-05 19:59:27,005] {subprocess.py:96} INFO - Command exited with return code 0
[2022-10-05 19:59:27,175] {taskinstance.py:1400} INFO - Marking task as SUCCESS. dag_id=load_rappers_dag, task_id=load_rappers, execution_date=20221005T195438, start_date=20221005T195439, end_date=20221005T195927
[2022-10-05 19:59:27,258] {local_task_job.py:156} INFO - Task exited with return code 0
[2022-10-05 19:59:27,338] {local_task_job.py:273} INFO - 1 downstream tasks scheduled from follow-on schedule check
