[2022-10-10 23:00:03,306] {taskinstance.py:1159} INFO - Dependencies all met for <TaskInstance: load_rappers_dag_pyop.load_rappers scheduled__2022-10-09T23:00:00+00:00 [queued]>
[2022-10-10 23:00:03,318] {taskinstance.py:1159} INFO - Dependencies all met for <TaskInstance: load_rappers_dag_pyop.load_rappers scheduled__2022-10-09T23:00:00+00:00 [queued]>
[2022-10-10 23:00:03,318] {taskinstance.py:1356} INFO - 
--------------------------------------------------------------------------------
[2022-10-10 23:00:03,318] {taskinstance.py:1357} INFO - Starting attempt 1 of 1
[2022-10-10 23:00:03,318] {taskinstance.py:1358} INFO - 
--------------------------------------------------------------------------------
[2022-10-10 23:00:03,332] {taskinstance.py:1377} INFO - Executing <Task(PythonOperator): load_rappers> on 2022-10-09 23:00:00+00:00
[2022-10-10 23:00:03,345] {standard_task_runner.py:52} INFO - Started process 2925 to run task
[2022-10-10 23:00:03,350] {standard_task_runner.py:79} INFO - Running: ['***', 'tasks', 'run', 'load_rappers_dag_pyop', 'load_rappers', 'scheduled__2022-10-09T23:00:00+00:00', '--job-id', '5', '--raw', '--subdir', 'DAGS_FOLDER/load_rappers_dag_pyop.py', '--cfg-path', '/tmp/tmp7azawq54', '--error-file', '/tmp/tmpfudhi8uj']
[2022-10-10 23:00:03,350] {standard_task_runner.py:80} INFO - Job 5: Subtask load_rappers
[2022-10-10 23:00:03,419] {task_command.py:369} INFO - Running <TaskInstance: load_rappers_dag_pyop.load_rappers scheduled__2022-10-09T23:00:00+00:00 [running]> on host 1d7fd24ebad8
[2022-10-10 23:00:03,521] {taskinstance.py:1571} INFO - Exporting the following env vars:
AIRFLOW_CTX_DAG_OWNER=***
AIRFLOW_CTX_DAG_ID=load_rappers_dag_pyop
AIRFLOW_CTX_TASK_ID=load_rappers
AIRFLOW_CTX_EXECUTION_DATE=2022-10-09T23:00:00+00:00
AIRFLOW_CTX_TRY_NUMBER=1
AIRFLOW_CTX_DAG_RUN_ID=scheduled__2022-10-09T23:00:00+00:00
[2022-10-10 23:00:03,522] {logging_mixin.py:115} INFO - Compiling artist list...
[2022-10-10 23:00:16,709] {logging_mixin.py:115} INFO - Loading artists...
[2022-10-10 23:02:31,562] {logging_mixin.py:115} INFO - 505 artists loaded in 134.85 seconds
[2022-10-10 23:02:31,566] {logging_mixin.py:115} INFO - Loading tracks...
[2022-10-10 23:04:48,418] {logging_mixin.py:115} INFO - 2506 tracks loaded in 136.85 seconds
[2022-10-10 23:04:48,700] {logging_mixin.py:115} INFO - Loading dataframes to Postgres...
[2022-10-10 23:04:49,588] {logging_mixin.py:115} INFO - Done!
[2022-10-10 23:04:49,593] {python.py:173} INFO - Done. Returned value was: None
[2022-10-10 23:04:49,697] {taskinstance.py:1400} INFO - Marking task as SUCCESS. dag_id=load_rappers_dag_pyop, task_id=load_rappers, execution_date=20221009T230000, start_date=20221010T230003, end_date=20221010T230449
[2022-10-10 23:04:49,795] {local_task_job.py:156} INFO - Task exited with return code 0
[2022-10-10 23:04:49,909] {local_task_job.py:273} INFO - 1 downstream tasks scheduled from follow-on schedule check
