[2022-10-12 23:00:05,122] {taskinstance.py:1159} INFO - Dependencies all met for <TaskInstance: load_rappers_dag_pyop.load_rappers scheduled__2022-10-11T23:00:00+00:00 [queued]>
[2022-10-12 23:00:05,146] {taskinstance.py:1159} INFO - Dependencies all met for <TaskInstance: load_rappers_dag_pyop.load_rappers scheduled__2022-10-11T23:00:00+00:00 [queued]>
[2022-10-12 23:00:05,147] {taskinstance.py:1356} INFO - 
--------------------------------------------------------------------------------
[2022-10-12 23:00:05,147] {taskinstance.py:1357} INFO - Starting attempt 1 of 1
[2022-10-12 23:00:05,147] {taskinstance.py:1358} INFO - 
--------------------------------------------------------------------------------
[2022-10-12 23:00:05,185] {taskinstance.py:1377} INFO - Executing <Task(PythonOperator): load_rappers> on 2022-10-11 23:00:00+00:00
[2022-10-12 23:00:05,232] {standard_task_runner.py:52} INFO - Started process 17172 to run task
[2022-10-12 23:00:05,432] {standard_task_runner.py:79} INFO - Running: ['***', 'tasks', 'run', 'load_rappers_dag_pyop', 'load_rappers', 'scheduled__2022-10-11T23:00:00+00:00', '--job-id', '7', '--raw', '--subdir', 'DAGS_FOLDER/load_rappers_dag_pyop.py', '--cfg-path', '/tmp/tmpvdp6huda', '--error-file', '/tmp/tmpaj_avd75']
[2022-10-12 23:00:05,433] {standard_task_runner.py:80} INFO - Job 7: Subtask load_rappers
[2022-10-12 23:00:06,565] {task_command.py:369} INFO - Running <TaskInstance: load_rappers_dag_pyop.load_rappers scheduled__2022-10-11T23:00:00+00:00 [running]> on host 1d7fd24ebad8
[2022-10-12 23:00:07,557] {taskinstance.py:1571} INFO - Exporting the following env vars:
AIRFLOW_CTX_DAG_OWNER=***
AIRFLOW_CTX_DAG_ID=load_rappers_dag_pyop
AIRFLOW_CTX_TASK_ID=load_rappers
AIRFLOW_CTX_EXECUTION_DATE=2022-10-11T23:00:00+00:00
AIRFLOW_CTX_TRY_NUMBER=1
AIRFLOW_CTX_DAG_RUN_ID=scheduled__2022-10-11T23:00:00+00:00
[2022-10-12 23:00:07,577] {logging_mixin.py:115} INFO - Compiling artist list...
[2022-10-12 23:00:21,191] {logging_mixin.py:115} INFO - Loading artists...
[2022-10-12 23:02:27,676] {logging_mixin.py:115} INFO - 504 artists loaded in 126.48 seconds
[2022-10-12 23:02:27,688] {logging_mixin.py:115} INFO - Loading tracks...
[2022-10-12 23:04:42,525] {logging_mixin.py:115} INFO - 2501 tracks loaded in 134.84 seconds
[2022-10-12 23:04:42,751] {logging_mixin.py:115} INFO - Loading dataframes to Postgres...
[2022-10-12 23:04:43,465] {logging_mixin.py:115} INFO - Done!
[2022-10-12 23:04:43,468] {python.py:173} INFO - Done. Returned value was: None
[2022-10-12 23:04:43,584] {taskinstance.py:1400} INFO - Marking task as SUCCESS. dag_id=load_rappers_dag_pyop, task_id=load_rappers, execution_date=20221011T230000, start_date=20221012T230005, end_date=20221012T230443
[2022-10-12 23:04:43,728] {local_task_job.py:156} INFO - Task exited with return code 0
[2022-10-12 23:04:43,841] {local_task_job.py:273} INFO - 1 downstream tasks scheduled from follow-on schedule check
