[2022-10-15 15:04:52,117] {taskinstance.py:1159} INFO - Dependencies all met for <TaskInstance: load_rappers_dag_pyop.load_rappers manual__2022-10-15T15:04:49.494165+00:00 [queued]>
[2022-10-15 15:04:52,127] {taskinstance.py:1159} INFO - Dependencies all met for <TaskInstance: load_rappers_dag_pyop.load_rappers manual__2022-10-15T15:04:49.494165+00:00 [queued]>
[2022-10-15 15:04:52,127] {taskinstance.py:1356} INFO - 
--------------------------------------------------------------------------------
[2022-10-15 15:04:52,127] {taskinstance.py:1357} INFO - Starting attempt 1 of 1
[2022-10-15 15:04:52,127] {taskinstance.py:1358} INFO - 
--------------------------------------------------------------------------------
[2022-10-15 15:04:52,141] {taskinstance.py:1377} INFO - Executing <Task(PythonOperator): load_rappers> on 2022-10-15 15:04:49.494165+00:00
[2022-10-15 15:04:52,145] {standard_task_runner.py:52} INFO - Started process 764 to run task
[2022-10-15 15:04:52,148] {standard_task_runner.py:79} INFO - Running: ['***', 'tasks', 'run', 'load_rappers_dag_pyop', 'load_rappers', 'manual__2022-10-15T15:04:49.494165+00:00', '--job-id', '7', '--raw', '--subdir', 'DAGS_FOLDER/load_rappers_dag_pyop.py', '--cfg-path', '/tmp/tmpljb81lja', '--error-file', '/tmp/tmpbccvfdqf']
[2022-10-15 15:04:52,149] {standard_task_runner.py:80} INFO - Job 7: Subtask load_rappers
[2022-10-15 15:04:52,201] {task_command.py:369} INFO - Running <TaskInstance: load_rappers_dag_pyop.load_rappers manual__2022-10-15T15:04:49.494165+00:00 [running]> on host 6300e87c6973
[2022-10-15 15:04:52,275] {taskinstance.py:1571} INFO - Exporting the following env vars:
AIRFLOW_CTX_DAG_OWNER=***
AIRFLOW_CTX_DAG_ID=load_rappers_dag_pyop
AIRFLOW_CTX_TASK_ID=load_rappers
AIRFLOW_CTX_EXECUTION_DATE=2022-10-15T15:04:49.494165+00:00
AIRFLOW_CTX_TRY_NUMBER=1
AIRFLOW_CTX_DAG_RUN_ID=manual__2022-10-15T15:04:49.494165+00:00
[2022-10-15 15:04:52,276] {logging_mixin.py:115} INFO - Compiling artist list...
[2022-10-15 15:04:52,878] {logging_mixin.py:115} INFO - Loading artists...
[2022-10-15 15:04:58,334] {logging_mixin.py:115} INFO - 20 artists loaded in 5.46 seconds
[2022-10-15 15:04:58,334] {logging_mixin.py:115} INFO - Loading tracks...
[2022-10-15 15:05:04,252] {logging_mixin.py:115} INFO - 100 tracks loaded in 5.92 seconds
[2022-10-15 15:05:04,258] {logging_mixin.py:115} INFO - Loading raw dataframes to DW...
[2022-10-15 15:05:04,446] {logging_mixin.py:115} INFO - Loaded in 0.19 seconds
[2022-10-15 15:05:04,446] {logging_mixin.py:115} INFO - Done!
[2022-10-15 15:05:04,446] {python.py:173} INFO - Done. Returned value was: None
[2022-10-15 15:05:04,458] {taskinstance.py:1400} INFO - Marking task as SUCCESS. dag_id=load_rappers_dag_pyop, task_id=load_rappers, execution_date=20221015T150449, start_date=20221015T150452, end_date=20221015T150504
[2022-10-15 15:05:04,480] {local_task_job.py:156} INFO - Task exited with return code 0
[2022-10-15 15:05:04,515] {local_task_job.py:273} INFO - 2 downstream tasks scheduled from follow-on schedule check
