[2022-10-15 14:53:41,299] {taskinstance.py:1159} INFO - Dependencies all met for <TaskInstance: load_rappers_dag.load_rappers manual__2022-10-15T14:53:39.258237+00:00 [queued]>
[2022-10-15 14:53:41,314] {taskinstance.py:1159} INFO - Dependencies all met for <TaskInstance: load_rappers_dag.load_rappers manual__2022-10-15T14:53:39.258237+00:00 [queued]>
[2022-10-15 14:53:41,314] {taskinstance.py:1356} INFO - 
--------------------------------------------------------------------------------
[2022-10-15 14:53:41,314] {taskinstance.py:1357} INFO - Starting attempt 1 of 1
[2022-10-15 14:53:41,314] {taskinstance.py:1358} INFO - 
--------------------------------------------------------------------------------
[2022-10-15 14:53:41,329] {taskinstance.py:1377} INFO - Executing <Task(BashOperator): load_rappers> on 2022-10-15 14:53:39.258237+00:00
[2022-10-15 14:53:41,335] {standard_task_runner.py:52} INFO - Started process 468 to run task
[2022-10-15 14:53:41,339] {standard_task_runner.py:79} INFO - Running: ['***', 'tasks', 'run', 'load_rappers_dag', 'load_rappers', 'manual__2022-10-15T14:53:39.258237+00:00', '--job-id', '4', '--raw', '--subdir', 'DAGS_FOLDER/load_rappers_dag.py', '--cfg-path', '/tmp/tmpkz5hpfbg', '--error-file', '/tmp/tmpnzaj9nt4']
[2022-10-15 14:53:41,340] {standard_task_runner.py:80} INFO - Job 4: Subtask load_rappers
[2022-10-15 14:53:41,401] {task_command.py:369} INFO - Running <TaskInstance: load_rappers_dag.load_rappers manual__2022-10-15T14:53:39.258237+00:00 [running]> on host 6300e87c6973
[2022-10-15 14:53:41,505] {taskinstance.py:1571} INFO - Exporting the following env vars:
AIRFLOW_CTX_DAG_OWNER=***
AIRFLOW_CTX_DAG_ID=load_rappers_dag
AIRFLOW_CTX_TASK_ID=load_rappers
AIRFLOW_CTX_EXECUTION_DATE=2022-10-15T14:53:39.258237+00:00
AIRFLOW_CTX_TRY_NUMBER=1
AIRFLOW_CTX_DAG_RUN_ID=manual__2022-10-15T14:53:39.258237+00:00
[2022-10-15 14:53:41,506] {subprocess.py:62} INFO - Tmp dir root location: 
 /tmp
[2022-10-15 14:53:41,508] {subprocess.py:74} INFO - Running command: ['bash', '-c', 'python ${AIRFLOW_HOME}/scripts/load_rappers.py']
[2022-10-15 14:53:41,555] {subprocess.py:85} INFO - Output:
[2022-10-15 14:58:41,946] {subprocess.py:92} INFO - Compiling artist list...
[2022-10-15 14:58:41,956] {subprocess.py:92} INFO - Loading artists...
[2022-10-15 14:58:41,956] {subprocess.py:92} INFO - 498 artists loaded in 141.22 seconds
[2022-10-15 14:58:41,956] {subprocess.py:92} INFO - Loading tracks...
[2022-10-15 14:58:41,956] {subprocess.py:92} INFO - 2471 tracks loaded in 145.09 seconds
[2022-10-15 14:58:41,956] {subprocess.py:92} INFO - Loading dataframes to Postgres...
[2022-10-15 14:58:41,956] {subprocess.py:92} INFO - Done!
[2022-10-15 14:58:42,067] {subprocess.py:96} INFO - Command exited with return code 0
[2022-10-15 14:58:42,170] {taskinstance.py:1400} INFO - Marking task as SUCCESS. dag_id=load_rappers_dag, task_id=load_rappers, execution_date=20221015T145339, start_date=20221015T145341, end_date=20221015T145842
[2022-10-15 14:58:42,236] {local_task_job.py:156} INFO - Task exited with return code 0
[2022-10-15 14:58:42,296] {local_task_job.py:273} INFO - 1 downstream tasks scheduled from follow-on schedule check
