[2022-10-07 20:00:02,303] {taskinstance.py:1159} INFO - Dependencies all met for <TaskInstance: load_rappers_dag.load_rappers scheduled__2022-10-07T19:00:00+00:00 [queued]>
[2022-10-07 20:00:02,314] {taskinstance.py:1159} INFO - Dependencies all met for <TaskInstance: load_rappers_dag.load_rappers scheduled__2022-10-07T19:00:00+00:00 [queued]>
[2022-10-07 20:00:02,314] {taskinstance.py:1356} INFO - 
--------------------------------------------------------------------------------
[2022-10-07 20:00:02,314] {taskinstance.py:1357} INFO - Starting attempt 1 of 1
[2022-10-07 20:00:02,314] {taskinstance.py:1358} INFO - 
--------------------------------------------------------------------------------
[2022-10-07 20:00:02,333] {taskinstance.py:1377} INFO - Executing <Task(BashOperator): load_rappers> on 2022-10-07 19:00:00+00:00
[2022-10-07 20:00:02,336] {standard_task_runner.py:52} INFO - Started process 1068 to run task
[2022-10-07 20:00:02,339] {standard_task_runner.py:79} INFO - Running: ['***', 'tasks', 'run', 'load_rappers_dag', 'load_rappers', 'scheduled__2022-10-07T19:00:00+00:00', '--job-id', '3', '--raw', '--subdir', 'DAGS_FOLDER/load_rappers_dag.py', '--cfg-path', '/tmp/tmpzozdi91i', '--error-file', '/tmp/tmpxovz1ew8']
[2022-10-07 20:00:02,340] {standard_task_runner.py:80} INFO - Job 3: Subtask load_rappers
[2022-10-07 20:00:02,397] {task_command.py:369} INFO - Running <TaskInstance: load_rappers_dag.load_rappers scheduled__2022-10-07T19:00:00+00:00 [running]> on host ae54f06a5956
[2022-10-07 20:00:02,489] {taskinstance.py:1571} INFO - Exporting the following env vars:
AIRFLOW_CTX_DAG_OWNER=***
AIRFLOW_CTX_DAG_ID=load_rappers_dag
AIRFLOW_CTX_TASK_ID=load_rappers
AIRFLOW_CTX_EXECUTION_DATE=2022-10-07T19:00:00+00:00
AIRFLOW_CTX_TRY_NUMBER=1
AIRFLOW_CTX_DAG_RUN_ID=scheduled__2022-10-07T19:00:00+00:00
[2022-10-07 20:00:02,490] {subprocess.py:62} INFO - Tmp dir root location: 
 /tmp
[2022-10-07 20:00:02,491] {subprocess.py:74} INFO - Running command: ['bash', '-c', 'python ${AIRFLOW_HOME}/scripts/load_rappers.py']
[2022-10-07 20:00:02,503] {subprocess.py:85} INFO - Output:
[2022-10-07 20:05:54,995] {subprocess.py:92} INFO - Compiling artist list...
[2022-10-07 20:05:55,000] {subprocess.py:92} INFO - Loading artists...
[2022-10-07 20:05:55,000] {subprocess.py:92} INFO - 505 artists loaded in 162.93 seconds
[2022-10-07 20:05:55,000] {subprocess.py:92} INFO - Loading tracks...
[2022-10-07 20:05:55,000] {subprocess.py:92} INFO - 2506 tracks loaded in 172.80 seconds
[2022-10-07 20:05:55,000] {subprocess.py:92} INFO - Loading dataframes to Postgres...
[2022-10-07 20:05:55,000] {subprocess.py:92} INFO - Done!
[2022-10-07 20:05:55,174] {subprocess.py:96} INFO - Command exited with return code 0
[2022-10-07 20:05:55,277] {taskinstance.py:1400} INFO - Marking task as SUCCESS. dag_id=load_rappers_dag, task_id=load_rappers, execution_date=20221007T190000, start_date=20221007T200002, end_date=20221007T200555
[2022-10-07 20:05:55,328] {local_task_job.py:156} INFO - Task exited with return code 0
[2022-10-07 20:05:55,384] {local_task_job.py:273} INFO - 1 downstream tasks scheduled from follow-on schedule check
