[2022-10-15 15:00:01,037] {taskinstance.py:1159} INFO - Dependencies all met for <TaskInstance: load_rappers_dag.load_rappers scheduled__2022-10-15T14:00:00+00:00 [queued]>
[2022-10-15 15:00:01,049] {taskinstance.py:1159} INFO - Dependencies all met for <TaskInstance: load_rappers_dag.load_rappers scheduled__2022-10-15T14:00:00+00:00 [queued]>
[2022-10-15 15:00:01,049] {taskinstance.py:1356} INFO - 
--------------------------------------------------------------------------------
[2022-10-15 15:00:01,049] {taskinstance.py:1357} INFO - Starting attempt 1 of 1
[2022-10-15 15:00:01,049] {taskinstance.py:1358} INFO - 
--------------------------------------------------------------------------------
[2022-10-15 15:00:01,065] {taskinstance.py:1377} INFO - Executing <Task(BashOperator): load_rappers> on 2022-10-15 14:00:00+00:00
[2022-10-15 15:00:01,070] {standard_task_runner.py:52} INFO - Started process 631 to run task
[2022-10-15 15:00:01,073] {standard_task_runner.py:79} INFO - Running: ['***', 'tasks', 'run', 'load_rappers_dag', 'load_rappers', 'scheduled__2022-10-15T14:00:00+00:00', '--job-id', '5', '--raw', '--subdir', 'DAGS_FOLDER/load_rappers_dag.py', '--cfg-path', '/tmp/tmpe7szif8a', '--error-file', '/tmp/tmpccskejz8']
[2022-10-15 15:00:01,074] {standard_task_runner.py:80} INFO - Job 5: Subtask load_rappers
[2022-10-15 15:00:01,139] {task_command.py:369} INFO - Running <TaskInstance: load_rappers_dag.load_rappers scheduled__2022-10-15T14:00:00+00:00 [running]> on host 6300e87c6973
[2022-10-15 15:00:01,233] {taskinstance.py:1571} INFO - Exporting the following env vars:
AIRFLOW_CTX_DAG_OWNER=***
AIRFLOW_CTX_DAG_ID=load_rappers_dag
AIRFLOW_CTX_TASK_ID=load_rappers
AIRFLOW_CTX_EXECUTION_DATE=2022-10-15T14:00:00+00:00
AIRFLOW_CTX_TRY_NUMBER=1
AIRFLOW_CTX_DAG_RUN_ID=scheduled__2022-10-15T14:00:00+00:00
[2022-10-15 15:00:01,234] {subprocess.py:62} INFO - Tmp dir root location: 
 /tmp
[2022-10-15 15:00:01,235] {subprocess.py:74} INFO - Running command: ['bash', '-c', 'python ${AIRFLOW_HOME}/scripts/load_rappers.py']
[2022-10-15 15:00:01,247] {subprocess.py:85} INFO - Output:
[2022-10-15 15:04:59,581] {subprocess.py:92} INFO - Compiling artist list...
[2022-10-15 15:04:59,593] {subprocess.py:92} INFO - Loading artists...
[2022-10-15 15:04:59,593] {subprocess.py:92} INFO - 498 artists loaded in 138.85 seconds
[2022-10-15 15:04:59,594] {subprocess.py:92} INFO - Loading tracks...
[2022-10-15 15:04:59,594] {subprocess.py:92} INFO - 2471 tracks loaded in 145.63 seconds
[2022-10-15 15:04:59,594] {subprocess.py:92} INFO - Loading dataframes to Postgres...
[2022-10-15 15:04:59,594] {subprocess.py:92} INFO - Done!
[2022-10-15 15:04:59,709] {subprocess.py:96} INFO - Command exited with return code 0
[2022-10-15 15:04:59,812] {taskinstance.py:1400} INFO - Marking task as SUCCESS. dag_id=load_rappers_dag, task_id=load_rappers, execution_date=20221015T140000, start_date=20221015T150001, end_date=20221015T150459
[2022-10-15 15:04:59,883] {local_task_job.py:156} INFO - Task exited with return code 0
[2022-10-15 15:04:59,935] {local_task_job.py:273} INFO - 1 downstream tasks scheduled from follow-on schedule check
[2022-10-15 15:04:59,965] {dagrun.py:562} INFO - Marking run <DagRun load_rappers_dag @ 2022-10-15 14:00:00+00:00: scheduled__2022-10-15T14:00:00+00:00, externally triggered: False> successful
[2022-10-15 15:04:59,968] {dagrun.py:622} INFO - DagRun Finished: dag_id=load_rappers_dag, execution_date=2022-10-15 14:00:00+00:00, run_id=scheduled__2022-10-15T14:00:00+00:00, run_start_date=2022-10-15 15:00:00.046836+00:00, run_end_date=2022-10-15 15:04:59.968708+00:00, run_duration=299.921872, state=success, external_trigger=False, run_type=scheduled, data_interval_start=2022-10-15 14:00:00+00:00, data_interval_end=2022-10-15 15:00:00+00:00, dag_hash=9b93204614698fa886d308f0a4154623
