[2022-10-15 21:24:34,708] {taskinstance.py:1159} INFO - Dependencies all met for <TaskInstance: load_rappers_dag_pyop.load_rappers manual__2022-10-15T21:24:32.326953+00:00 [queued]>
[2022-10-15 21:24:34,719] {taskinstance.py:1159} INFO - Dependencies all met for <TaskInstance: load_rappers_dag_pyop.load_rappers manual__2022-10-15T21:24:32.326953+00:00 [queued]>
[2022-10-15 21:24:34,719] {taskinstance.py:1356} INFO - 
--------------------------------------------------------------------------------
[2022-10-15 21:24:34,719] {taskinstance.py:1357} INFO - Starting attempt 1 of 1
[2022-10-15 21:24:34,719] {taskinstance.py:1358} INFO - 
--------------------------------------------------------------------------------
[2022-10-15 21:24:34,733] {taskinstance.py:1377} INFO - Executing <Task(PythonOperator): load_rappers> on 2022-10-15 21:24:32.326953+00:00
[2022-10-15 21:24:34,738] {standard_task_runner.py:52} INFO - Started process 6047 to run task
[2022-10-15 21:24:34,744] {standard_task_runner.py:79} INFO - Running: ['***', 'tasks', 'run', 'load_rappers_dag_pyop', 'load_rappers', 'manual__2022-10-15T21:24:32.326953+00:00', '--job-id', '28', '--raw', '--subdir', 'DAGS_FOLDER/load_rappers_dag_pyop.py', '--cfg-path', '/tmp/tmpzh1q6xjx', '--error-file', '/tmp/tmpjy7p06ig']
[2022-10-15 21:24:34,744] {standard_task_runner.py:80} INFO - Job 28: Subtask load_rappers
[2022-10-15 21:24:34,822] {task_command.py:369} INFO - Running <TaskInstance: load_rappers_dag_pyop.load_rappers manual__2022-10-15T21:24:32.326953+00:00 [running]> on host 6300e87c6973
[2022-10-15 21:24:34,912] {taskinstance.py:1571} INFO - Exporting the following env vars:
AIRFLOW_CTX_DAG_OWNER=***
AIRFLOW_CTX_DAG_ID=load_rappers_dag_pyop
AIRFLOW_CTX_TASK_ID=load_rappers
AIRFLOW_CTX_EXECUTION_DATE=2022-10-15T21:24:32.326953+00:00
AIRFLOW_CTX_TRY_NUMBER=1
AIRFLOW_CTX_DAG_RUN_ID=manual__2022-10-15T21:24:32.326953+00:00
[2022-10-15 21:24:34,913] {logging_mixin.py:115} INFO - Compiling artist list...
[2022-10-15 21:24:35,653] {logging_mixin.py:115} INFO - Loading artists...
[2022-10-15 21:24:40,384] {logging_mixin.py:115} INFO - 20 artists loaded in 4.73 seconds
[2022-10-15 21:24:40,384] {logging_mixin.py:115} INFO - Loading tracks...
[2022-10-15 21:24:45,467] {logging_mixin.py:115} INFO - 100 tracks loaded in 5.08 seconds
[2022-10-15 21:24:45,482] {logging_mixin.py:115} INFO - Loading raw dataframes to DW...
[2022-10-15 21:24:45,698] {logging_mixin.py:115} INFO - Loaded in 0.22 seconds
[2022-10-15 21:24:45,698] {logging_mixin.py:115} INFO - Done!
[2022-10-15 21:24:45,699] {python.py:173} INFO - Done. Returned value was: None
[2022-10-15 21:24:45,710] {taskinstance.py:1400} INFO - Marking task as SUCCESS. dag_id=load_rappers_dag_pyop, task_id=load_rappers, execution_date=20221015T212432, start_date=20221015T212434, end_date=20221015T212445
[2022-10-15 21:24:45,750] {local_task_job.py:156} INFO - Task exited with return code 0
[2022-10-15 21:24:45,788] {local_task_job.py:273} INFO - 2 downstream tasks scheduled from follow-on schedule check
