[2022-10-07 20:10:33,528] {taskinstance.py:1159} INFO - Dependencies all met for <TaskInstance: load_rappers_dag_pyop.load_rappers manual__2022-10-07T20:10:30.935682+00:00 [queued]>
[2022-10-07 20:10:33,553] {taskinstance.py:1159} INFO - Dependencies all met for <TaskInstance: load_rappers_dag_pyop.load_rappers manual__2022-10-07T20:10:30.935682+00:00 [queued]>
[2022-10-07 20:10:33,554] {taskinstance.py:1356} INFO - 
--------------------------------------------------------------------------------
[2022-10-07 20:10:33,554] {taskinstance.py:1357} INFO - Starting attempt 1 of 1
[2022-10-07 20:10:33,554] {taskinstance.py:1358} INFO - 
--------------------------------------------------------------------------------
[2022-10-07 20:10:33,587] {taskinstance.py:1377} INFO - Executing <Task(PythonOperator): load_rappers> on 2022-10-07 20:10:30.935682+00:00
[2022-10-07 20:10:33,597] {standard_task_runner.py:52} INFO - Started process 1414 to run task
[2022-10-07 20:10:33,637] {standard_task_runner.py:79} INFO - Running: ['***', 'tasks', 'run', 'load_rappers_dag_pyop', 'load_rappers', 'manual__2022-10-07T20:10:30.935682+00:00', '--job-id', '5', '--raw', '--subdir', 'DAGS_FOLDER/load_rappers_dag_pyop.py', '--cfg-path', '/tmp/tmpt3vjcb_8', '--error-file', '/tmp/tmp6e0cdn0a']
[2022-10-07 20:10:33,638] {standard_task_runner.py:80} INFO - Job 5: Subtask load_rappers
[2022-10-07 20:10:33,879] {task_command.py:369} INFO - Running <TaskInstance: load_rappers_dag_pyop.load_rappers manual__2022-10-07T20:10:30.935682+00:00 [running]> on host ae54f06a5956
[2022-10-07 20:10:34,077] {taskinstance.py:1571} INFO - Exporting the following env vars:
AIRFLOW_CTX_DAG_OWNER=***
AIRFLOW_CTX_DAG_ID=load_rappers_dag_pyop
AIRFLOW_CTX_TASK_ID=load_rappers
AIRFLOW_CTX_EXECUTION_DATE=2022-10-07T20:10:30.935682+00:00
AIRFLOW_CTX_TRY_NUMBER=1
AIRFLOW_CTX_DAG_RUN_ID=manual__2022-10-07T20:10:30.935682+00:00
[2022-10-07 20:10:34,078] {logging_mixin.py:115} INFO - Compiling artist list...
[2022-10-07 20:10:47,787] {logging_mixin.py:115} INFO - Loading artists...
[2022-10-07 20:13:34,212] {logging_mixin.py:115} INFO - 505 artists loaded in 166.43 seconds
[2022-10-07 20:13:34,213] {logging_mixin.py:115} INFO - Loading tracks...
[2022-10-07 20:16:22,820] {logging_mixin.py:115} INFO - 2506 tracks loaded in 168.61 seconds
[2022-10-07 20:16:22,871] {logging_mixin.py:115} INFO - Loading dataframes to Postgres...
[2022-10-07 20:16:23,250] {logging_mixin.py:115} INFO - Done!
[2022-10-07 20:16:23,251] {python.py:173} INFO - Done. Returned value was: None
[2022-10-07 20:16:23,282] {taskinstance.py:1400} INFO - Marking task as SUCCESS. dag_id=load_rappers_dag_pyop, task_id=load_rappers, execution_date=20221007T201030, start_date=20221007T201033, end_date=20221007T201623
[2022-10-07 20:16:23,315] {local_task_job.py:156} INFO - Task exited with return code 0
[2022-10-07 20:16:23,354] {local_task_job.py:273} INFO - 0 downstream tasks scheduled from follow-on schedule check
