[2022-10-03 20:59:05,541] {taskinstance.py:1159} INFO - Dependencies all met for <TaskInstance: first_sample_dag.print_hello_world manual__2022-10-03T20:59:01.577386+00:00 [queued]>
[2022-10-03 20:59:05,557] {taskinstance.py:1159} INFO - Dependencies all met for <TaskInstance: first_sample_dag.print_hello_world manual__2022-10-03T20:59:01.577386+00:00 [queued]>
[2022-10-03 20:59:05,558] {taskinstance.py:1356} INFO - 
--------------------------------------------------------------------------------
[2022-10-03 20:59:05,558] {taskinstance.py:1357} INFO - Starting attempt 1 of 1
[2022-10-03 20:59:05,558] {taskinstance.py:1358} INFO - 
--------------------------------------------------------------------------------
[2022-10-03 20:59:05,587] {taskinstance.py:1377} INFO - Executing <Task(BashOperator): print_hello_world> on 2022-10-03 20:59:01.577386+00:00
[2022-10-03 20:59:05,592] {standard_task_runner.py:52} INFO - Started process 194 to run task
[2022-10-03 20:59:05,596] {standard_task_runner.py:79} INFO - Running: ['***', 'tasks', 'run', 'first_sample_dag', 'print_hello_world', 'manual__2022-10-03T20:59:01.577386+00:00', '--job-id', '2', '--raw', '--subdir', 'DAGS_FOLDER/sample.py', '--cfg-path', '/tmp/tmpw1k7k867', '--error-file', '/tmp/tmpnfsupcxs']
[2022-10-03 20:59:05,597] {standard_task_runner.py:80} INFO - Job 2: Subtask print_hello_world
[2022-10-03 20:59:05,716] {task_command.py:369} INFO - Running <TaskInstance: first_sample_dag.print_hello_world manual__2022-10-03T20:59:01.577386+00:00 [running]> on host 3393d73b426b
[2022-10-03 20:59:05,960] {taskinstance.py:1571} INFO - Exporting the following env vars:
AIRFLOW_CTX_DAG_OWNER=***
AIRFLOW_CTX_DAG_ID=first_sample_dag
AIRFLOW_CTX_TASK_ID=print_hello_world
AIRFLOW_CTX_EXECUTION_DATE=2022-10-03T20:59:01.577386+00:00
AIRFLOW_CTX_TRY_NUMBER=1
AIRFLOW_CTX_DAG_RUN_ID=manual__2022-10-03T20:59:01.577386+00:00
[2022-10-03 20:59:05,965] {subprocess.py:62} INFO - Tmp dir root location: 
 /tmp
[2022-10-03 20:59:05,970] {subprocess.py:74} INFO - Running command: ['bash', '-c', 'echo "HelloWorld!"']
[2022-10-03 20:59:06,007] {subprocess.py:85} INFO - Output:
[2022-10-03 20:59:06,079] {subprocess.py:92} INFO - HelloWorld!
[2022-10-03 20:59:06,081] {subprocess.py:96} INFO - Command exited with return code 0
[2022-10-03 20:59:06,144] {taskinstance.py:1400} INFO - Marking task as SUCCESS. dag_id=first_sample_dag, task_id=print_hello_world, execution_date=20221003T205901, start_date=20221003T205905, end_date=20221003T205906
[2022-10-03 20:59:06,180] {local_task_job.py:156} INFO - Task exited with return code 0
[2022-10-03 20:59:06,244] {local_task_job.py:273} INFO - 1 downstream tasks scheduled from follow-on schedule check
