[2022-10-15 15:05:36,969] {taskinstance.py:1159} INFO - Dependencies all met for <TaskInstance: load_rappers_dag_pyop.load_rappers manual__2022-10-15T15:05:34.981626+00:00 [queued]>
[2022-10-15 15:05:36,978] {taskinstance.py:1159} INFO - Dependencies all met for <TaskInstance: load_rappers_dag_pyop.load_rappers manual__2022-10-15T15:05:34.981626+00:00 [queued]>
[2022-10-15 15:05:36,978] {taskinstance.py:1356} INFO - 
--------------------------------------------------------------------------------
[2022-10-15 15:05:36,978] {taskinstance.py:1357} INFO - Starting attempt 1 of 1
[2022-10-15 15:05:36,978] {taskinstance.py:1358} INFO - 
--------------------------------------------------------------------------------
[2022-10-15 15:05:36,991] {taskinstance.py:1377} INFO - Executing <Task(PythonOperator): load_rappers> on 2022-10-15 15:05:34.981626+00:00
[2022-10-15 15:05:36,996] {standard_task_runner.py:52} INFO - Started process 790 to run task
[2022-10-15 15:05:36,998] {standard_task_runner.py:79} INFO - Running: ['***', 'tasks', 'run', 'load_rappers_dag_pyop', 'load_rappers', 'manual__2022-10-15T15:05:34.981626+00:00', '--job-id', '10', '--raw', '--subdir', 'DAGS_FOLDER/load_rappers_dag_pyop.py', '--cfg-path', '/tmp/tmpbw8066wi', '--error-file', '/tmp/tmpe224t4s7']
[2022-10-15 15:05:36,999] {standard_task_runner.py:80} INFO - Job 10: Subtask load_rappers
[2022-10-15 15:05:37,046] {task_command.py:369} INFO - Running <TaskInstance: load_rappers_dag_pyop.load_rappers manual__2022-10-15T15:05:34.981626+00:00 [running]> on host 6300e87c6973
[2022-10-15 15:05:37,113] {taskinstance.py:1571} INFO - Exporting the following env vars:
AIRFLOW_CTX_DAG_OWNER=***
AIRFLOW_CTX_DAG_ID=load_rappers_dag_pyop
AIRFLOW_CTX_TASK_ID=load_rappers
AIRFLOW_CTX_EXECUTION_DATE=2022-10-15T15:05:34.981626+00:00
AIRFLOW_CTX_TRY_NUMBER=1
AIRFLOW_CTX_DAG_RUN_ID=manual__2022-10-15T15:05:34.981626+00:00
[2022-10-15 15:05:37,114] {logging_mixin.py:115} INFO - Compiling artist list...
[2022-10-15 15:05:37,701] {logging_mixin.py:115} INFO - Loading artists...
[2022-10-15 15:05:43,290] {logging_mixin.py:115} INFO - 20 artists loaded in 5.59 seconds
[2022-10-15 15:05:43,290] {logging_mixin.py:115} INFO - Loading tracks...
[2022-10-15 15:05:49,078] {logging_mixin.py:115} INFO - 100 tracks loaded in 5.79 seconds
[2022-10-15 15:05:49,085] {logging_mixin.py:115} INFO - Loading raw dataframes to DW...
[2022-10-15 15:05:49,270] {logging_mixin.py:115} INFO - Loaded in 0.19 seconds
[2022-10-15 15:05:49,271] {logging_mixin.py:115} INFO - Done!
[2022-10-15 15:05:49,271] {python.py:173} INFO - Done. Returned value was: None
[2022-10-15 15:05:49,283] {taskinstance.py:1400} INFO - Marking task as SUCCESS. dag_id=load_rappers_dag_pyop, task_id=load_rappers, execution_date=20221015T150534, start_date=20221015T150536, end_date=20221015T150549
[2022-10-15 15:05:49,298] {local_task_job.py:156} INFO - Task exited with return code 0
[2022-10-15 15:05:49,333] {local_task_job.py:273} INFO - 2 downstream tasks scheduled from follow-on schedule check
