[2022-10-09 23:00:03,446] {taskinstance.py:1159} INFO - Dependencies all met for <TaskInstance: load_rappers_dag_pyop.load_rappers scheduled__2022-10-08T23:00:00+00:00 [queued]>
[2022-10-09 23:00:03,461] {taskinstance.py:1159} INFO - Dependencies all met for <TaskInstance: load_rappers_dag_pyop.load_rappers scheduled__2022-10-08T23:00:00+00:00 [queued]>
[2022-10-09 23:00:03,461] {taskinstance.py:1356} INFO - 
--------------------------------------------------------------------------------
[2022-10-09 23:00:03,461] {taskinstance.py:1357} INFO - Starting attempt 1 of 1
[2022-10-09 23:00:03,461] {taskinstance.py:1358} INFO - 
--------------------------------------------------------------------------------
[2022-10-09 23:00:03,479] {taskinstance.py:1377} INFO - Executing <Task(PythonOperator): load_rappers> on 2022-10-08 23:00:00+00:00
[2022-10-09 23:00:03,486] {standard_task_runner.py:52} INFO - Started process 4479 to run task
[2022-10-09 23:00:03,490] {standard_task_runner.py:79} INFO - Running: ['***', 'tasks', 'run', 'load_rappers_dag_pyop', 'load_rappers', 'scheduled__2022-10-08T23:00:00+00:00', '--job-id', '4', '--raw', '--subdir', 'DAGS_FOLDER/load_rappers_dag_pyop.py', '--cfg-path', '/tmp/tmpsre2f8l8', '--error-file', '/tmp/tmp_a2yasot']
[2022-10-09 23:00:03,490] {standard_task_runner.py:80} INFO - Job 4: Subtask load_rappers
[2022-10-09 23:00:03,546] {task_command.py:369} INFO - Running <TaskInstance: load_rappers_dag_pyop.load_rappers scheduled__2022-10-08T23:00:00+00:00 [running]> on host 1d7fd24ebad8
[2022-10-09 23:00:03,632] {taskinstance.py:1571} INFO - Exporting the following env vars:
AIRFLOW_CTX_DAG_OWNER=***
AIRFLOW_CTX_DAG_ID=load_rappers_dag_pyop
AIRFLOW_CTX_TASK_ID=load_rappers
AIRFLOW_CTX_EXECUTION_DATE=2022-10-08T23:00:00+00:00
AIRFLOW_CTX_TRY_NUMBER=1
AIRFLOW_CTX_DAG_RUN_ID=scheduled__2022-10-08T23:00:00+00:00
[2022-10-09 23:00:03,633] {logging_mixin.py:115} INFO - Compiling artist list...
[2022-10-09 23:00:16,203] {logging_mixin.py:115} INFO - Loading artists...
[2022-10-09 23:02:21,290] {logging_mixin.py:115} INFO - 504 artists loaded in 125.09 seconds
[2022-10-09 23:02:21,290] {logging_mixin.py:115} INFO - Loading tracks...
[2022-10-09 23:04:36,270] {logging_mixin.py:115} INFO - 2501 tracks loaded in 134.98 seconds
[2022-10-09 23:04:36,344] {logging_mixin.py:115} INFO - Loading dataframes to Postgres...
[2022-10-09 23:04:36,960] {logging_mixin.py:115} INFO - Done!
[2022-10-09 23:04:36,961] {python.py:173} INFO - Done. Returned value was: None
[2022-10-09 23:04:36,978] {taskinstance.py:1400} INFO - Marking task as SUCCESS. dag_id=load_rappers_dag_pyop, task_id=load_rappers, execution_date=20221008T230000, start_date=20221009T230003, end_date=20221009T230436
[2022-10-09 23:04:37,007] {local_task_job.py:156} INFO - Task exited with return code 0
[2022-10-09 23:04:37,040] {local_task_job.py:273} INFO - 1 downstream tasks scheduled from follow-on schedule check
