[2022-10-05 18:23:30,905] {taskinstance.py:1159} INFO - Dependencies all met for <TaskInstance: load_rappers_dag.load_rappers manual__2022-10-05T18:23:28.984414+00:00 [queued]>
[2022-10-05 18:23:30,920] {taskinstance.py:1159} INFO - Dependencies all met for <TaskInstance: load_rappers_dag.load_rappers manual__2022-10-05T18:23:28.984414+00:00 [queued]>
[2022-10-05 18:23:30,921] {taskinstance.py:1356} INFO - 
--------------------------------------------------------------------------------
[2022-10-05 18:23:30,921] {taskinstance.py:1357} INFO - Starting attempt 1 of 1
[2022-10-05 18:23:30,921] {taskinstance.py:1358} INFO - 
--------------------------------------------------------------------------------
[2022-10-05 18:23:30,940] {taskinstance.py:1377} INFO - Executing <Task(BashOperator): load_rappers> on 2022-10-05 18:23:28.984414+00:00
[2022-10-05 18:23:30,943] {standard_task_runner.py:52} INFO - Started process 251 to run task
[2022-10-05 18:23:30,946] {standard_task_runner.py:79} INFO - Running: ['***', 'tasks', 'run', 'load_rappers_dag', 'load_rappers', 'manual__2022-10-05T18:23:28.984414+00:00', '--job-id', '25', '--raw', '--subdir', 'DAGS_FOLDER/load_rappers_dag.py', '--cfg-path', '/tmp/tmpv964xovd', '--error-file', '/tmp/tmpdv6nkloa']
[2022-10-05 18:23:30,947] {standard_task_runner.py:80} INFO - Job 25: Subtask load_rappers
[2022-10-05 18:23:31,011] {task_command.py:369} INFO - Running <TaskInstance: load_rappers_dag.load_rappers manual__2022-10-05T18:23:28.984414+00:00 [running]> on host 39b88b75de04
[2022-10-05 18:23:31,095] {taskinstance.py:1571} INFO - Exporting the following env vars:
AIRFLOW_CTX_DAG_OWNER=***
AIRFLOW_CTX_DAG_ID=load_rappers_dag
AIRFLOW_CTX_TASK_ID=load_rappers
AIRFLOW_CTX_EXECUTION_DATE=2022-10-05T18:23:28.984414+00:00
AIRFLOW_CTX_TRY_NUMBER=1
AIRFLOW_CTX_DAG_RUN_ID=manual__2022-10-05T18:23:28.984414+00:00
[2022-10-05 18:23:31,096] {subprocess.py:62} INFO - Tmp dir root location: 
 /tmp
[2022-10-05 18:23:31,096] {subprocess.py:74} INFO - Running command: ['bash', '-c', 'echo "yee"']
[2022-10-05 18:23:31,103] {subprocess.py:85} INFO - Output:
[2022-10-05 18:23:31,107] {subprocess.py:92} INFO - yee
[2022-10-05 18:23:31,107] {subprocess.py:96} INFO - Command exited with return code 0
[2022-10-05 18:23:31,139] {taskinstance.py:1400} INFO - Marking task as SUCCESS. dag_id=load_rappers_dag, task_id=load_rappers, execution_date=20221005T182328, start_date=20221005T182330, end_date=20221005T182331
[2022-10-05 18:23:31,159] {local_task_job.py:156} INFO - Task exited with return code 0
[2022-10-05 18:23:31,196] {local_task_job.py:273} INFO - 1 downstream tasks scheduled from follow-on schedule check
