[2022-10-05 19:54:02,143] {taskinstance.py:1159} INFO - Dependencies all met for <TaskInstance: first_sample_dag.print_hello_world manual__2022-10-05T19:53:59.639168+00:00 [queued]>
[2022-10-05 19:54:02,161] {taskinstance.py:1159} INFO - Dependencies all met for <TaskInstance: first_sample_dag.print_hello_world manual__2022-10-05T19:53:59.639168+00:00 [queued]>
[2022-10-05 19:54:02,161] {taskinstance.py:1356} INFO - 
--------------------------------------------------------------------------------
[2022-10-05 19:54:02,161] {taskinstance.py:1357} INFO - Starting attempt 1 of 1
[2022-10-05 19:54:02,161] {taskinstance.py:1358} INFO - 
--------------------------------------------------------------------------------
[2022-10-05 19:54:02,190] {taskinstance.py:1377} INFO - Executing <Task(BashOperator): print_hello_world> on 2022-10-05 19:53:59.639168+00:00
[2022-10-05 19:54:02,199] {standard_task_runner.py:52} INFO - Started process 2141 to run task
[2022-10-05 19:54:02,219] {standard_task_runner.py:79} INFO - Running: ['***', 'tasks', 'run', 'first_sample_dag', 'print_hello_world', 'manual__2022-10-05T19:53:59.639168+00:00', '--job-id', '35', '--raw', '--subdir', 'DAGS_FOLDER/sample.py', '--cfg-path', '/tmp/tmph8g6rq9a', '--error-file', '/tmp/tmp2iy9ko4u']
[2022-10-05 19:54:02,227] {standard_task_runner.py:80} INFO - Job 35: Subtask print_hello_world
[2022-10-05 19:54:02,387] {task_command.py:369} INFO - Running <TaskInstance: first_sample_dag.print_hello_world manual__2022-10-05T19:53:59.639168+00:00 [running]> on host 39b88b75de04
[2022-10-05 19:54:02,559] {taskinstance.py:1571} INFO - Exporting the following env vars:
AIRFLOW_CTX_DAG_OWNER=***
AIRFLOW_CTX_DAG_ID=first_sample_dag
AIRFLOW_CTX_TASK_ID=print_hello_world
AIRFLOW_CTX_EXECUTION_DATE=2022-10-05T19:53:59.639168+00:00
AIRFLOW_CTX_TRY_NUMBER=1
AIRFLOW_CTX_DAG_RUN_ID=manual__2022-10-05T19:53:59.639168+00:00
[2022-10-05 19:54:02,562] {subprocess.py:62} INFO - Tmp dir root location: 
 /tmp
[2022-10-05 19:54:02,565] {subprocess.py:74} INFO - Running command: ['bash', '-c', 'echo "HelloWorld!"']
[2022-10-05 19:54:02,580] {subprocess.py:85} INFO - Output:
[2022-10-05 19:54:02,625] {subprocess.py:92} INFO - HelloWorld!
[2022-10-05 19:54:02,626] {subprocess.py:96} INFO - Command exited with return code 0
[2022-10-05 19:54:02,663] {taskinstance.py:1400} INFO - Marking task as SUCCESS. dag_id=first_sample_dag, task_id=print_hello_world, execution_date=20221005T195359, start_date=20221005T195402, end_date=20221005T195402
[2022-10-05 19:54:02,712] {local_task_job.py:156} INFO - Task exited with return code 0
[2022-10-05 19:54:02,754] {local_task_job.py:273} INFO - 1 downstream tasks scheduled from follow-on schedule check
