[2022-10-05 20:00:02,308] {taskinstance.py:1159} INFO - Dependencies all met for <TaskInstance: load_rappers_dag.load_rappers scheduled__2022-10-05T19:00:00+00:00 [queued]>
[2022-10-05 20:00:02,323] {taskinstance.py:1159} INFO - Dependencies all met for <TaskInstance: load_rappers_dag.load_rappers scheduled__2022-10-05T19:00:00+00:00 [queued]>
[2022-10-05 20:00:02,324] {taskinstance.py:1356} INFO - 
--------------------------------------------------------------------------------
[2022-10-05 20:00:02,324] {taskinstance.py:1357} INFO - Starting attempt 1 of 1
[2022-10-05 20:00:02,324] {taskinstance.py:1358} INFO - 
--------------------------------------------------------------------------------
[2022-10-05 20:00:02,341] {taskinstance.py:1377} INFO - Executing <Task(BashOperator): load_rappers> on 2022-10-05 19:00:00+00:00
[2022-10-05 20:00:02,348] {standard_task_runner.py:52} INFO - Started process 2277 to run task
[2022-10-05 20:00:02,353] {standard_task_runner.py:79} INFO - Running: ['***', 'tasks', 'run', 'load_rappers_dag', 'load_rappers', 'scheduled__2022-10-05T19:00:00+00:00', '--job-id', '37', '--raw', '--subdir', 'DAGS_FOLDER/load_rappers_dag.py', '--cfg-path', '/tmp/tmp0pzn80hm', '--error-file', '/tmp/tmpedambyrr']
[2022-10-05 20:00:02,354] {standard_task_runner.py:80} INFO - Job 37: Subtask load_rappers
[2022-10-05 20:00:02,437] {task_command.py:369} INFO - Running <TaskInstance: load_rappers_dag.load_rappers scheduled__2022-10-05T19:00:00+00:00 [running]> on host 39b88b75de04
[2022-10-05 20:00:02,559] {taskinstance.py:1571} INFO - Exporting the following env vars:
AIRFLOW_CTX_DAG_OWNER=***
AIRFLOW_CTX_DAG_ID=load_rappers_dag
AIRFLOW_CTX_TASK_ID=load_rappers
AIRFLOW_CTX_EXECUTION_DATE=2022-10-05T19:00:00+00:00
AIRFLOW_CTX_TRY_NUMBER=1
AIRFLOW_CTX_DAG_RUN_ID=scheduled__2022-10-05T19:00:00+00:00
[2022-10-05 20:00:02,560] {subprocess.py:62} INFO - Tmp dir root location: 
 /tmp
[2022-10-05 20:00:02,561] {subprocess.py:74} INFO - Running command: ['bash', '-c', 'python ${AIRFLOW_HOME}/scripts/load_rappers.py']
[2022-10-05 20:00:02,572] {subprocess.py:85} INFO - Output:
[2022-10-05 20:04:46,070] {subprocess.py:92} INFO - Compiling artist list...
[2022-10-05 20:04:46,100] {subprocess.py:92} INFO - Loading artists...
[2022-10-05 20:04:46,100] {subprocess.py:92} INFO - 502 artists loaded in 129.94 seconds
[2022-10-05 20:04:46,100] {subprocess.py:92} INFO - Loading tracks...
[2022-10-05 20:04:46,100] {subprocess.py:92} INFO - 2497 tracks loaded in 139.18 seconds
[2022-10-05 20:04:46,765] {subprocess.py:96} INFO - Command exited with return code 0
[2022-10-05 20:04:47,101] {taskinstance.py:1400} INFO - Marking task as SUCCESS. dag_id=load_rappers_dag, task_id=load_rappers, execution_date=20221005T190000, start_date=20221005T200002, end_date=20221005T200447
[2022-10-05 20:04:47,271] {local_task_job.py:156} INFO - Task exited with return code 0
[2022-10-05 20:04:47,430] {local_task_job.py:273} INFO - 1 downstream tasks scheduled from follow-on schedule check
[2022-10-07 17:19:01,871] {taskinstance.py:1159} INFO - Dependencies all met for <TaskInstance: load_rappers_dag.load_rappers scheduled__2022-10-05T19:00:00+00:00 [queued]>
[2022-10-07 17:19:01,899] {taskinstance.py:1159} INFO - Dependencies all met for <TaskInstance: load_rappers_dag.load_rappers scheduled__2022-10-05T19:00:00+00:00 [queued]>
[2022-10-07 17:19:01,899] {taskinstance.py:1356} INFO - 
--------------------------------------------------------------------------------
[2022-10-07 17:19:01,899] {taskinstance.py:1357} INFO - Starting attempt 1 of 1
[2022-10-07 17:19:01,900] {taskinstance.py:1358} INFO - 
--------------------------------------------------------------------------------
[2022-10-07 17:19:01,953] {taskinstance.py:1377} INFO - Executing <Task(BashOperator): load_rappers> on 2022-10-05 19:00:00+00:00
[2022-10-07 17:19:01,960] {standard_task_runner.py:52} INFO - Started process 1743 to run task
[2022-10-07 17:19:01,970] {standard_task_runner.py:79} INFO - Running: ['***', 'tasks', 'run', 'load_rappers_dag', 'load_rappers', 'scheduled__2022-10-05T19:00:00+00:00', '--job-id', '22', '--raw', '--subdir', 'DAGS_FOLDER/load_rappers_dag.py', '--cfg-path', '/tmp/tmp1moqw8jk', '--error-file', '/tmp/tmpxhtokcck']
[2022-10-07 17:19:01,977] {standard_task_runner.py:80} INFO - Job 22: Subtask load_rappers
[2022-10-07 17:19:02,192] {task_command.py:369} INFO - Running <TaskInstance: load_rappers_dag.load_rappers scheduled__2022-10-05T19:00:00+00:00 [running]> on host 84650b6b2dfc
[2022-10-07 17:19:02,454] {taskinstance.py:1571} INFO - Exporting the following env vars:
AIRFLOW_CTX_DAG_OWNER=***
AIRFLOW_CTX_DAG_ID=load_rappers_dag
AIRFLOW_CTX_TASK_ID=load_rappers
AIRFLOW_CTX_EXECUTION_DATE=2022-10-05T19:00:00+00:00
AIRFLOW_CTX_TRY_NUMBER=1
AIRFLOW_CTX_DAG_RUN_ID=scheduled__2022-10-05T19:00:00+00:00
[2022-10-07 17:19:02,464] {subprocess.py:62} INFO - Tmp dir root location: 
 /tmp
[2022-10-07 17:19:02,466] {subprocess.py:74} INFO - Running command: ['bash', '-c', 'python ${AIRFLOW_HOME}/scripts/load_rappers.py']
[2022-10-07 17:19:02,510] {subprocess.py:85} INFO - Output:
[2022-10-07 17:19:09,421] {subprocess.py:92} INFO - Compiling artist list...
[2022-10-07 17:19:09,422] {subprocess.py:92} INFO - Traceback (most recent call last):
[2022-10-07 17:19:09,422] {subprocess.py:92} INFO -   File "/opt/***/scripts/load_rappers.py", line 82, in <module>
[2022-10-07 17:19:09,422] {subprocess.py:92} INFO -     main()
[2022-10-07 17:19:09,422] {subprocess.py:92} INFO -   File "/opt/***/scripts/load_rappers.py", line 73, in main
[2022-10-07 17:19:09,422] {subprocess.py:92} INFO -     combinedArtists = compile_artists(lister, genreDict, playlistDict)
[2022-10-07 17:19:09,422] {subprocess.py:92} INFO -   File "/opt/***/scripts/load_rappers.py", line 38, in compile_artists
[2022-10-07 17:19:09,423] {subprocess.py:92} INFO -     return lister.combine_artists(genreDict, playlistDict)
[2022-10-07 17:19:09,423] {subprocess.py:92} INFO -   File "/opt/***/scripts/artist_lister.py", line 38, in combine_artists
[2022-10-07 17:19:09,423] {subprocess.py:92} INFO -     artistDict = self.union_dict(artistDict, self.parse_search(k, v))
[2022-10-07 17:19:09,423] {subprocess.py:92} INFO -   File "/opt/***/scripts/artist_lister.py", line 16, in parse_search
[2022-10-07 17:19:09,423] {subprocess.py:92} INFO -     for i in range(len(payload['artists']['items'])):
[2022-10-07 17:19:09,423] {subprocess.py:92} INFO - KeyError: 'artists'
[2022-10-07 17:19:09,694] {subprocess.py:96} INFO - Command exited with return code 1
[2022-10-07 17:19:09,742] {taskinstance.py:1889} ERROR - Task failed with exception
Traceback (most recent call last):
  File "/home/airflow/.local/lib/python3.7/site-packages/airflow/operators/bash.py", line 195, in execute
    f'Bash command failed. The command returned a non-zero exit code {result.exit_code}.'
airflow.exceptions.AirflowException: Bash command failed. The command returned a non-zero exit code 1.
[2022-10-07 17:19:09,755] {taskinstance.py:1400} INFO - Marking task as FAILED. dag_id=load_rappers_dag, task_id=load_rappers, execution_date=20221005T190000, start_date=20221007T171901, end_date=20221007T171909
[2022-10-07 17:19:09,801] {standard_task_runner.py:97} ERROR - Failed to execute job 22 for task load_rappers (Bash command failed. The command returned a non-zero exit code 1.; 1743)
[2022-10-07 17:19:09,829] {local_task_job.py:156} INFO - Task exited with return code 1
[2022-10-07 17:19:09,901] {local_task_job.py:273} INFO - 0 downstream tasks scheduled from follow-on schedule check
