[2022-10-07 18:08:26,002] {taskinstance.py:1159} INFO - Dependencies all met for <TaskInstance: load_rappers_dag.load_rappers manual__2022-10-07T18:08:24.198687+00:00 [queued]>
[2022-10-07 18:08:26,012] {taskinstance.py:1159} INFO - Dependencies all met for <TaskInstance: load_rappers_dag.load_rappers manual__2022-10-07T18:08:24.198687+00:00 [queued]>
[2022-10-07 18:08:26,012] {taskinstance.py:1356} INFO - 
--------------------------------------------------------------------------------
[2022-10-07 18:08:26,012] {taskinstance.py:1357} INFO - Starting attempt 1 of 1
[2022-10-07 18:08:26,012] {taskinstance.py:1358} INFO - 
--------------------------------------------------------------------------------
[2022-10-07 18:08:26,031] {taskinstance.py:1377} INFO - Executing <Task(BashOperator): load_rappers> on 2022-10-07 18:08:24.198687+00:00
[2022-10-07 18:08:26,035] {standard_task_runner.py:52} INFO - Started process 3013 to run task
[2022-10-07 18:08:26,039] {standard_task_runner.py:79} INFO - Running: ['***', 'tasks', 'run', 'load_rappers_dag', 'load_rappers', 'manual__2022-10-07T18:08:24.198687+00:00', '--job-id', '72', '--raw', '--subdir', 'DAGS_FOLDER/load_rappers_dag.py', '--cfg-path', '/tmp/tmpgtoc3p06', '--error-file', '/tmp/tmpxecodmbp']
[2022-10-07 18:08:26,040] {standard_task_runner.py:80} INFO - Job 72: Subtask load_rappers
[2022-10-07 18:08:26,095] {task_command.py:369} INFO - Running <TaskInstance: load_rappers_dag.load_rappers manual__2022-10-07T18:08:24.198687+00:00 [running]> on host 84650b6b2dfc
[2022-10-07 18:08:26,168] {taskinstance.py:1571} INFO - Exporting the following env vars:
AIRFLOW_CTX_DAG_OWNER=***
AIRFLOW_CTX_DAG_ID=load_rappers_dag
AIRFLOW_CTX_TASK_ID=load_rappers
AIRFLOW_CTX_EXECUTION_DATE=2022-10-07T18:08:24.198687+00:00
AIRFLOW_CTX_TRY_NUMBER=1
AIRFLOW_CTX_DAG_RUN_ID=manual__2022-10-07T18:08:24.198687+00:00
[2022-10-07 18:08:26,168] {subprocess.py:62} INFO - Tmp dir root location: 
 /tmp
[2022-10-07 18:08:26,169] {subprocess.py:74} INFO - Running command: ['bash', '-c', 'python ${AIRFLOW_HOME}/scripts/load_rappers.py']
[2022-10-07 18:08:26,175] {subprocess.py:85} INFO - Output:
[2022-10-07 18:08:41,272] {subprocess.py:92} INFO - Compiling artist list...
[2022-10-07 18:08:41,272] {subprocess.py:92} INFO - Loading artists...
[2022-10-07 18:08:41,272] {subprocess.py:92} INFO - 20 artists loaded in 7.92 seconds
[2022-10-07 18:08:41,272] {subprocess.py:92} INFO - Loading tracks...
[2022-10-07 18:08:41,272] {subprocess.py:92} INFO - 100 tracks loaded in 5.50 seconds
[2022-10-07 18:08:41,272] {subprocess.py:92} INFO - Loading dataframes to Postgres...
[2022-10-07 18:08:41,272] {subprocess.py:92} INFO - Done!
[2022-10-07 18:08:41,350] {subprocess.py:96} INFO - Command exited with return code 0
[2022-10-07 18:08:41,388] {taskinstance.py:1400} INFO - Marking task as SUCCESS. dag_id=load_rappers_dag, task_id=load_rappers, execution_date=20221007T180824, start_date=20221007T180826, end_date=20221007T180841
[2022-10-07 18:08:41,437] {local_task_job.py:156} INFO - Task exited with return code 0
[2022-10-07 18:08:41,471] {local_task_job.py:273} INFO - 1 downstream tasks scheduled from follow-on schedule check
